<?xml version="1.0" encoding="UTF-8"?>
<testsuite xmlns:xsi="http://www.w3.org/2001/XMLSchema-instance" xsi:noNamespaceSchemaLocation="https://maven.apache.org/surefire/maven-surefire-plugin/xsd/surefire-test-report-3.0.xsd" version="3.0" name="TestSuite" time="8.586" tests="1" errors="0" skipped="0" failures="0">
  <properties>
    <property name="java.specification.version" value="17"/>
    <property name="sun.jnu.encoding" value="UTF-8"/>
    <property name="java.class.path" value="/Users/yogeshkumar/IdeaProjects/AppiumMobileTest/target/test-classes:/Users/yogeshkumar/IdeaProjects/AppiumMobileTest/target/classes:/Users/yogeshkumar/.m2/repository/io/appium/java-client/8.3.0/java-client-8.3.0.jar:/Users/yogeshkumar/.m2/repository/org/seleniumhq/selenium/selenium-api/4.7.2/selenium-api-4.7.2.jar:/Users/yogeshkumar/.m2/repository/org/seleniumhq/selenium/selenium-remote-driver/4.7.2/selenium-remote-driver-4.7.2.jar:/Users/yogeshkumar/.m2/repository/com/google/auto/service/auto-service-annotations/1.0.1/auto-service-annotations-1.0.1.jar:/Users/yogeshkumar/.m2/repository/com/google/auto/service/auto-service/1.0.1/auto-service-1.0.1.jar:/Users/yogeshkumar/.m2/repository/com/google/auto/auto-common/1.2/auto-common-1.2.jar:/Users/yogeshkumar/.m2/repository/com/google/guava/guava/31.1-jre/guava-31.1-jre.jar:/Users/yogeshkumar/.m2/repository/com/google/guava/failureaccess/1.0.1/failureaccess-1.0.1.jar:/Users/yogeshkumar/.m2/repository/com/google/guava/listenablefuture/9999.0-empty-to-avoid-conflict-with-guava/listenablefuture-9999.0-empty-to-avoid-conflict-with-guava.jar:/Users/yogeshkumar/.m2/repository/com/google/code/findbugs/jsr305/3.0.2/jsr305-3.0.2.jar:/Users/yogeshkumar/.m2/repository/org/checkerframework/checker-qual/3.12.0/checker-qual-3.12.0.jar:/Users/yogeshkumar/.m2/repository/com/google/errorprone/error_prone_annotations/2.11.0/error_prone_annotations-2.11.0.jar:/Users/yogeshkumar/.m2/repository/com/google/j2objc/j2objc-annotations/1.3/j2objc-annotations-1.3.jar:/Users/yogeshkumar/.m2/repository/io/netty/netty-buffer/4.1.84.Final/netty-buffer-4.1.84.Final.jar:/Users/yogeshkumar/.m2/repository/io/netty/netty-codec-http/4.1.84.Final/netty-codec-http-4.1.84.Final.jar:/Users/yogeshkumar/.m2/repository/io/netty/netty-codec/4.1.84.Final/netty-codec-4.1.84.Final.jar:/Users/yogeshkumar/.m2/repository/io/netty/netty-handler/4.1.84.Final/netty-handler-4.1.84.Final.jar:/Users/yogeshkumar/.m2/repository/io/netty/netty-common/4.1.84.Final/netty-common-4.1.84.Final.jar:/Users/yogeshkumar/.m2/repository/io/netty/netty-transport-classes-epoll/4.1.84.Final/netty-transport-classes-epoll-4.1.84.Final.jar:/Users/yogeshkumar/.m2/repository/io/netty/netty-transport-classes-kqueue/4.1.84.Final/netty-transport-classes-kqueue-4.1.84.Final.jar:/Users/yogeshkumar/.m2/repository/io/netty/netty-transport-native-epoll/4.1.84.Final/netty-transport-native-epoll-4.1.84.Final.jar:/Users/yogeshkumar/.m2/repository/io/netty/netty-transport-native-kqueue/4.1.84.Final/netty-transport-native-kqueue-4.1.84.Final.jar:/Users/yogeshkumar/.m2/repository/io/netty/netty-transport-native-unix-common/4.1.84.Final/netty-transport-native-unix-common-4.1.84.Final.jar:/Users/yogeshkumar/.m2/repository/io/netty/netty-transport/4.1.84.Final/netty-transport-4.1.84.Final.jar:/Users/yogeshkumar/.m2/repository/io/netty/netty-resolver/4.1.84.Final/netty-resolver-4.1.84.Final.jar:/Users/yogeshkumar/.m2/repository/io/opentelemetry/opentelemetry-api/1.19.0/opentelemetry-api-1.19.0.jar:/Users/yogeshkumar/.m2/repository/io/opentelemetry/opentelemetry-context/1.19.0/opentelemetry-context-1.19.0.jar:/Users/yogeshkumar/.m2/repository/io/opentelemetry/opentelemetry-exporter-logging/1.19.0/opentelemetry-exporter-logging-1.19.0.jar:/Users/yogeshkumar/.m2/repository/io/opentelemetry/opentelemetry-sdk-metrics/1.19.0/opentelemetry-sdk-metrics-1.19.0.jar:/Users/yogeshkumar/.m2/repository/io/opentelemetry/opentelemetry-sdk-logs/1.19.0-alpha/opentelemetry-sdk-logs-1.19.0-alpha.jar:/Users/yogeshkumar/.m2/repository/io/opentelemetry/opentelemetry-api-logs/1.19.0-alpha/opentelemetry-api-logs-1.19.0-alpha.jar:/Users/yogeshkumar/.m2/repository/io/opentelemetry/opentelemetry-sdk-common/1.19.0/opentelemetry-sdk-common-1.19.0.jar:/Users/yogeshkumar/.m2/repository/io/opentelemetry/opentelemetry-sdk-extension-autoconfigure-spi/1.19.0/opentelemetry-sdk-extension-autoconfigure-spi-1.19.0.jar:/Users/yogeshkumar/.m2/repository/io/opentelemetry/opentelemetry-sdk-extension-autoconfigure/1.19.0-alpha/opentelemetry-sdk-extension-autoconfigure-1.19.0-alpha.jar:/Users/yogeshkumar/.m2/repository/io/opentelemetry/opentelemetry-exporter-common/1.19.0/opentelemetry-exporter-common-1.19.0.jar:/Users/yogeshkumar/.m2/repository/io/opentelemetry/opentelemetry-sdk-trace/1.19.0/opentelemetry-sdk-trace-1.19.0.jar:/Users/yogeshkumar/.m2/repository/io/opentelemetry/opentelemetry-sdk/1.19.0/opentelemetry-sdk-1.19.0.jar:/Users/yogeshkumar/.m2/repository/io/opentelemetry/opentelemetry-semconv/1.19.0-alpha/opentelemetry-semconv-1.19.0-alpha.jar:/Users/yogeshkumar/.m2/repository/io/ous/jtoml/2.0.0/jtoml-2.0.0.jar:/Users/yogeshkumar/.m2/repository/net/bytebuddy/byte-buddy/1.12.18/byte-buddy-1.12.18.jar:/Users/yogeshkumar/.m2/repository/org/apache/commons/commons-exec/1.3/commons-exec-1.3.jar:/Users/yogeshkumar/.m2/repository/org/asynchttpclient/async-http-client/2.12.3/async-http-client-2.12.3.jar:/Users/yogeshkumar/.m2/repository/org/asynchttpclient/async-http-client-netty-utils/2.12.3/async-http-client-netty-utils-2.12.3.jar:/Users/yogeshkumar/.m2/repository/io/netty/netty-codec-socks/4.1.60.Final/netty-codec-socks-4.1.60.Final.jar:/Users/yogeshkumar/.m2/repository/io/netty/netty-handler-proxy/4.1.60.Final/netty-handler-proxy-4.1.60.Final.jar:/Users/yogeshkumar/.m2/repository/io/netty/netty-transport-native-epoll/4.1.60.Final/netty-transport-native-epoll-4.1.60.Final-linux-x86_64.jar:/Users/yogeshkumar/.m2/repository/io/netty/netty-transport-native-kqueue/4.1.60.Final/netty-transport-native-kqueue-4.1.60.Final-osx-x86_64.jar:/Users/yogeshkumar/.m2/repository/org/reactivestreams/reactive-streams/1.0.3/reactive-streams-1.0.3.jar:/Users/yogeshkumar/.m2/repository/com/typesafe/netty/netty-reactive-streams/2.0.4/netty-reactive-streams-2.0.4.jar:/Users/yogeshkumar/.m2/repository/com/sun/activation/jakarta.activation/1.2.2/jakarta.activation-1.2.2.jar:/Users/yogeshkumar/.m2/repository/org/seleniumhq/selenium/selenium-http/4.7.2/selenium-http-4.7.2.jar:/Users/yogeshkumar/.m2/repository/dev/failsafe/failsafe/3.3.0/failsafe-3.3.0.jar:/Users/yogeshkumar/.m2/repository/org/seleniumhq/selenium/selenium-json/4.7.2/selenium-json-4.7.2.jar:/Users/yogeshkumar/.m2/repository/org/seleniumhq/selenium/selenium-manager/4.7.2/selenium-manager-4.7.2.jar:/Users/yogeshkumar/.m2/repository/org/seleniumhq/selenium/selenium-support/4.7.2/selenium-support-4.7.2.jar:/Users/yogeshkumar/.m2/repository/com/google/code/gson/gson/2.10/gson-2.10.jar:/Users/yogeshkumar/.m2/repository/cglib/cglib/3.3.0/cglib-3.3.0.jar:/Users/yogeshkumar/.m2/repository/org/ow2/asm/asm/7.1/asm-7.1.jar:/Users/yogeshkumar/.m2/repository/commons-validator/commons-validator/1.7/commons-validator-1.7.jar:/Users/yogeshkumar/.m2/repository/commons-beanutils/commons-beanutils/1.9.4/commons-beanutils-1.9.4.jar:/Users/yogeshkumar/.m2/repository/commons-digester/commons-digester/2.1/commons-digester-2.1.jar:/Users/yogeshkumar/.m2/repository/commons-logging/commons-logging/1.2/commons-logging-1.2.jar:/Users/yogeshkumar/.m2/repository/commons-collections/commons-collections/3.2.2/commons-collections-3.2.2.jar:/Users/yogeshkumar/.m2/repository/org/apache/commons/commons-lang3/3.12.0/commons-lang3-3.12.0.jar:/Users/yogeshkumar/.m2/repository/commons-io/commons-io/2.11.0/commons-io-2.11.0.jar:/Users/yogeshkumar/.m2/repository/org/slf4j/slf4j-api/2.0.5/slf4j-api-2.0.5.jar:/Users/yogeshkumar/.m2/repository/org/seleniumhq/selenium/selenium-java/4.7.0/selenium-java-4.7.0.jar:/Users/yogeshkumar/.m2/repository/org/seleniumhq/selenium/selenium-chrome-driver/4.7.0/selenium-chrome-driver-4.7.0.jar:/Users/yogeshkumar/.m2/repository/org/seleniumhq/selenium/selenium-chromium-driver/4.7.0/selenium-chromium-driver-4.7.0.jar:/Users/yogeshkumar/.m2/repository/org/seleniumhq/selenium/selenium-devtools-v106/4.7.0/selenium-devtools-v106-4.7.0.jar:/Users/yogeshkumar/.m2/repository/org/seleniumhq/selenium/selenium-devtools-v107/4.7.0/selenium-devtools-v107-4.7.0.jar:/Users/yogeshkumar/.m2/repository/org/seleniumhq/selenium/selenium-devtools-v108/4.7.0/selenium-devtools-v108-4.7.0.jar:/Users/yogeshkumar/.m2/repository/org/seleniumhq/selenium/selenium-devtools-v85/4.7.0/selenium-devtools-v85-4.7.0.jar:/Users/yogeshkumar/.m2/repository/org/seleniumhq/selenium/selenium-edge-driver/4.7.0/selenium-edge-driver-4.7.0.jar:/Users/yogeshkumar/.m2/repository/org/seleniumhq/selenium/selenium-firefox-driver/4.7.0/selenium-firefox-driver-4.7.0.jar:/Users/yogeshkumar/.m2/repository/org/seleniumhq/selenium/selenium-ie-driver/4.7.0/selenium-ie-driver-4.7.0.jar:/Users/yogeshkumar/.m2/repository/org/seleniumhq/selenium/selenium-safari-driver/4.7.0/selenium-safari-driver-4.7.0.jar:/Users/yogeshkumar/.m2/repository/org/testng/testng/7.7.0/testng-7.7.0.jar:/Users/yogeshkumar/.m2/repository/com/beust/jcommander/1.82/jcommander-1.82.jar:/Users/yogeshkumar/.m2/repository/org/webjars/jquery/3.6.1/jquery-3.6.1.jar:"/>
    <property name="java.vm.vendor" value="Azul Systems, Inc."/>
    <property name="sun.arch.data.model" value="64"/>
    <property name="java.vendor.url" value="http://www.azul.com/"/>
    <property name="user.timezone" value="America/Toronto"/>
    <property name="os.name" value="Mac OS X"/>
    <property name="java.vm.specification.version" value="17"/>
    <property name="sun.java.launcher" value="SUN_STANDARD"/>
    <property name="user.country" value="CA"/>
    <property name="sun.boot.library.path" value="/Users/yogeshkumar/.sdkman/candidates/java/17.0.5-zulu/zulu-17.jdk/Contents/Home/lib"/>
    <property name="sun.java.command" value="/Users/yogeshkumar/IdeaProjects/AppiumMobileTest/target/surefire/surefirebooter16284397251394078348.jar /Users/yogeshkumar/IdeaProjects/AppiumMobileTest/target/surefire 2022-12-22T16-30-41_700-jvmRun1 surefire3159942880362972317tmp surefire_017796709668410286324tmp"/>
    <property name="http.nonProxyHosts" value="local|*.local|169.254/16|*.169.254/16"/>
    <property name="jdk.debug" value="release"/>
    <property name="surefire.test.class.path" value="/Users/yogeshkumar/IdeaProjects/AppiumMobileTest/target/test-classes:/Users/yogeshkumar/IdeaProjects/AppiumMobileTest/target/classes:/Users/yogeshkumar/.m2/repository/io/appium/java-client/8.3.0/java-client-8.3.0.jar:/Users/yogeshkumar/.m2/repository/org/seleniumhq/selenium/selenium-api/4.7.2/selenium-api-4.7.2.jar:/Users/yogeshkumar/.m2/repository/org/seleniumhq/selenium/selenium-remote-driver/4.7.2/selenium-remote-driver-4.7.2.jar:/Users/yogeshkumar/.m2/repository/com/google/auto/service/auto-service-annotations/1.0.1/auto-service-annotations-1.0.1.jar:/Users/yogeshkumar/.m2/repository/com/google/auto/service/auto-service/1.0.1/auto-service-1.0.1.jar:/Users/yogeshkumar/.m2/repository/com/google/auto/auto-common/1.2/auto-common-1.2.jar:/Users/yogeshkumar/.m2/repository/com/google/guava/guava/31.1-jre/guava-31.1-jre.jar:/Users/yogeshkumar/.m2/repository/com/google/guava/failureaccess/1.0.1/failureaccess-1.0.1.jar:/Users/yogeshkumar/.m2/repository/com/google/guava/listenablefuture/9999.0-empty-to-avoid-conflict-with-guava/listenablefuture-9999.0-empty-to-avoid-conflict-with-guava.jar:/Users/yogeshkumar/.m2/repository/com/google/code/findbugs/jsr305/3.0.2/jsr305-3.0.2.jar:/Users/yogeshkumar/.m2/repository/org/checkerframework/checker-qual/3.12.0/checker-qual-3.12.0.jar:/Users/yogeshkumar/.m2/repository/com/google/errorprone/error_prone_annotations/2.11.0/error_prone_annotations-2.11.0.jar:/Users/yogeshkumar/.m2/repository/com/google/j2objc/j2objc-annotations/1.3/j2objc-annotations-1.3.jar:/Users/yogeshkumar/.m2/repository/io/netty/netty-buffer/4.1.84.Final/netty-buffer-4.1.84.Final.jar:/Users/yogeshkumar/.m2/repository/io/netty/netty-codec-http/4.1.84.Final/netty-codec-http-4.1.84.Final.jar:/Users/yogeshkumar/.m2/repository/io/netty/netty-codec/4.1.84.Final/netty-codec-4.1.84.Final.jar:/Users/yogeshkumar/.m2/repository/io/netty/netty-handler/4.1.84.Final/netty-handler-4.1.84.Final.jar:/Users/yogeshkumar/.m2/repository/io/netty/netty-common/4.1.84.Final/netty-common-4.1.84.Final.jar:/Users/yogeshkumar/.m2/repository/io/netty/netty-transport-classes-epoll/4.1.84.Final/netty-transport-classes-epoll-4.1.84.Final.jar:/Users/yogeshkumar/.m2/repository/io/netty/netty-transport-classes-kqueue/4.1.84.Final/netty-transport-classes-kqueue-4.1.84.Final.jar:/Users/yogeshkumar/.m2/repository/io/netty/netty-transport-native-epoll/4.1.84.Final/netty-transport-native-epoll-4.1.84.Final.jar:/Users/yogeshkumar/.m2/repository/io/netty/netty-transport-native-kqueue/4.1.84.Final/netty-transport-native-kqueue-4.1.84.Final.jar:/Users/yogeshkumar/.m2/repository/io/netty/netty-transport-native-unix-common/4.1.84.Final/netty-transport-native-unix-common-4.1.84.Final.jar:/Users/yogeshkumar/.m2/repository/io/netty/netty-transport/4.1.84.Final/netty-transport-4.1.84.Final.jar:/Users/yogeshkumar/.m2/repository/io/netty/netty-resolver/4.1.84.Final/netty-resolver-4.1.84.Final.jar:/Users/yogeshkumar/.m2/repository/io/opentelemetry/opentelemetry-api/1.19.0/opentelemetry-api-1.19.0.jar:/Users/yogeshkumar/.m2/repository/io/opentelemetry/opentelemetry-context/1.19.0/opentelemetry-context-1.19.0.jar:/Users/yogeshkumar/.m2/repository/io/opentelemetry/opentelemetry-exporter-logging/1.19.0/opentelemetry-exporter-logging-1.19.0.jar:/Users/yogeshkumar/.m2/repository/io/opentelemetry/opentelemetry-sdk-metrics/1.19.0/opentelemetry-sdk-metrics-1.19.0.jar:/Users/yogeshkumar/.m2/repository/io/opentelemetry/opentelemetry-sdk-logs/1.19.0-alpha/opentelemetry-sdk-logs-1.19.0-alpha.jar:/Users/yogeshkumar/.m2/repository/io/opentelemetry/opentelemetry-api-logs/1.19.0-alpha/opentelemetry-api-logs-1.19.0-alpha.jar:/Users/yogeshkumar/.m2/repository/io/opentelemetry/opentelemetry-sdk-common/1.19.0/opentelemetry-sdk-common-1.19.0.jar:/Users/yogeshkumar/.m2/repository/io/opentelemetry/opentelemetry-sdk-extension-autoconfigure-spi/1.19.0/opentelemetry-sdk-extension-autoconfigure-spi-1.19.0.jar:/Users/yogeshkumar/.m2/repository/io/opentelemetry/opentelemetry-sdk-extension-autoconfigure/1.19.0-alpha/opentelemetry-sdk-extension-autoconfigure-1.19.0-alpha.jar:/Users/yogeshkumar/.m2/repository/io/opentelemetry/opentelemetry-exporter-common/1.19.0/opentelemetry-exporter-common-1.19.0.jar:/Users/yogeshkumar/.m2/repository/io/opentelemetry/opentelemetry-sdk-trace/1.19.0/opentelemetry-sdk-trace-1.19.0.jar:/Users/yogeshkumar/.m2/repository/io/opentelemetry/opentelemetry-sdk/1.19.0/opentelemetry-sdk-1.19.0.jar:/Users/yogeshkumar/.m2/repository/io/opentelemetry/opentelemetry-semconv/1.19.0-alpha/opentelemetry-semconv-1.19.0-alpha.jar:/Users/yogeshkumar/.m2/repository/io/ous/jtoml/2.0.0/jtoml-2.0.0.jar:/Users/yogeshkumar/.m2/repository/net/bytebuddy/byte-buddy/1.12.18/byte-buddy-1.12.18.jar:/Users/yogeshkumar/.m2/repository/org/apache/commons/commons-exec/1.3/commons-exec-1.3.jar:/Users/yogeshkumar/.m2/repository/org/asynchttpclient/async-http-client/2.12.3/async-http-client-2.12.3.jar:/Users/yogeshkumar/.m2/repository/org/asynchttpclient/async-http-client-netty-utils/2.12.3/async-http-client-netty-utils-2.12.3.jar:/Users/yogeshkumar/.m2/repository/io/netty/netty-codec-socks/4.1.60.Final/netty-codec-socks-4.1.60.Final.jar:/Users/yogeshkumar/.m2/repository/io/netty/netty-handler-proxy/4.1.60.Final/netty-handler-proxy-4.1.60.Final.jar:/Users/yogeshkumar/.m2/repository/io/netty/netty-transport-native-epoll/4.1.60.Final/netty-transport-native-epoll-4.1.60.Final-linux-x86_64.jar:/Users/yogeshkumar/.m2/repository/io/netty/netty-transport-native-kqueue/4.1.60.Final/netty-transport-native-kqueue-4.1.60.Final-osx-x86_64.jar:/Users/yogeshkumar/.m2/repository/org/reactivestreams/reactive-streams/1.0.3/reactive-streams-1.0.3.jar:/Users/yogeshkumar/.m2/repository/com/typesafe/netty/netty-reactive-streams/2.0.4/netty-reactive-streams-2.0.4.jar:/Users/yogeshkumar/.m2/repository/com/sun/activation/jakarta.activation/1.2.2/jakarta.activation-1.2.2.jar:/Users/yogeshkumar/.m2/repository/org/seleniumhq/selenium/selenium-http/4.7.2/selenium-http-4.7.2.jar:/Users/yogeshkumar/.m2/repository/dev/failsafe/failsafe/3.3.0/failsafe-3.3.0.jar:/Users/yogeshkumar/.m2/repository/org/seleniumhq/selenium/selenium-json/4.7.2/selenium-json-4.7.2.jar:/Users/yogeshkumar/.m2/repository/org/seleniumhq/selenium/selenium-manager/4.7.2/selenium-manager-4.7.2.jar:/Users/yogeshkumar/.m2/repository/org/seleniumhq/selenium/selenium-support/4.7.2/selenium-support-4.7.2.jar:/Users/yogeshkumar/.m2/repository/com/google/code/gson/gson/2.10/gson-2.10.jar:/Users/yogeshkumar/.m2/repository/cglib/cglib/3.3.0/cglib-3.3.0.jar:/Users/yogeshkumar/.m2/repository/org/ow2/asm/asm/7.1/asm-7.1.jar:/Users/yogeshkumar/.m2/repository/commons-validator/commons-validator/1.7/commons-validator-1.7.jar:/Users/yogeshkumar/.m2/repository/commons-beanutils/commons-beanutils/1.9.4/commons-beanutils-1.9.4.jar:/Users/yogeshkumar/.m2/repository/commons-digester/commons-digester/2.1/commons-digester-2.1.jar:/Users/yogeshkumar/.m2/repository/commons-logging/commons-logging/1.2/commons-logging-1.2.jar:/Users/yogeshkumar/.m2/repository/commons-collections/commons-collections/3.2.2/commons-collections-3.2.2.jar:/Users/yogeshkumar/.m2/repository/org/apache/commons/commons-lang3/3.12.0/commons-lang3-3.12.0.jar:/Users/yogeshkumar/.m2/repository/commons-io/commons-io/2.11.0/commons-io-2.11.0.jar:/Users/yogeshkumar/.m2/repository/org/slf4j/slf4j-api/2.0.5/slf4j-api-2.0.5.jar:/Users/yogeshkumar/.m2/repository/org/seleniumhq/selenium/selenium-java/4.7.0/selenium-java-4.7.0.jar:/Users/yogeshkumar/.m2/repository/org/seleniumhq/selenium/selenium-chrome-driver/4.7.0/selenium-chrome-driver-4.7.0.jar:/Users/yogeshkumar/.m2/repository/org/seleniumhq/selenium/selenium-chromium-driver/4.7.0/selenium-chromium-driver-4.7.0.jar:/Users/yogeshkumar/.m2/repository/org/seleniumhq/selenium/selenium-devtools-v106/4.7.0/selenium-devtools-v106-4.7.0.jar:/Users/yogeshkumar/.m2/repository/org/seleniumhq/selenium/selenium-devtools-v107/4.7.0/selenium-devtools-v107-4.7.0.jar:/Users/yogeshkumar/.m2/repository/org/seleniumhq/selenium/selenium-devtools-v108/4.7.0/selenium-devtools-v108-4.7.0.jar:/Users/yogeshkumar/.m2/repository/org/seleniumhq/selenium/selenium-devtools-v85/4.7.0/selenium-devtools-v85-4.7.0.jar:/Users/yogeshkumar/.m2/repository/org/seleniumhq/selenium/selenium-edge-driver/4.7.0/selenium-edge-driver-4.7.0.jar:/Users/yogeshkumar/.m2/repository/org/seleniumhq/selenium/selenium-firefox-driver/4.7.0/selenium-firefox-driver-4.7.0.jar:/Users/yogeshkumar/.m2/repository/org/seleniumhq/selenium/selenium-ie-driver/4.7.0/selenium-ie-driver-4.7.0.jar:/Users/yogeshkumar/.m2/repository/org/seleniumhq/selenium/selenium-safari-driver/4.7.0/selenium-safari-driver-4.7.0.jar:/Users/yogeshkumar/.m2/repository/org/testng/testng/7.7.0/testng-7.7.0.jar:/Users/yogeshkumar/.m2/repository/com/beust/jcommander/1.82/jcommander-1.82.jar:/Users/yogeshkumar/.m2/repository/org/webjars/jquery/3.6.1/jquery-3.6.1.jar:"/>
    <property name="sun.cpu.endian" value="little"/>
    <property name="user.home" value="/Users/yogeshkumar"/>
    <property name="user.language" value="en"/>
    <property name="java.specification.vendor" value="Oracle Corporation"/>
    <property name="java.version.date" value="2022-10-18"/>
    <property name="java.home" value="/Users/yogeshkumar/.sdkman/candidates/java/17.0.5-zulu/zulu-17.jdk/Contents/Home"/>
    <property name="file.separator" value="/"/>
    <property name="basedir" value="/Users/yogeshkumar/IdeaProjects/AppiumMobileTest"/>
    <property name="java.vm.compressedOopsMode" value="Zero based"/>
    <property name="line.separator" value="&#10;"/>
    <property name="java.vm.specification.vendor" value="Oracle Corporation"/>
    <property name="java.specification.name" value="Java Platform API Specification"/>
    <property name="surefire.real.class.path" value="/Users/yogeshkumar/IdeaProjects/AppiumMobileTest/target/surefire/surefirebooter16284397251394078348.jar"/>
    <property name="sun.management.compiler" value="HotSpot 64-Bit Tiered Compilers"/>
    <property name="ftp.nonProxyHosts" value="local|*.local|169.254/16|*.169.254/16"/>
    <property name="java.runtime.version" value="17.0.5+8-LTS"/>
    <property name="user.name" value="yogeshkumar"/>
    <property name="path.separator" value=":"/>
    <property name="os.version" value="13.0.1"/>
    <property name="java.runtime.name" value="OpenJDK Runtime Environment"/>
    <property name="file.encoding" value="UTF-8"/>
    <property name="java.vm.name" value="OpenJDK 64-Bit Server VM"/>
    <property name="java.vendor.version" value="Zulu17.38+21-CA"/>
    <property name="localRepository" value="/Users/yogeshkumar/.m2/repository"/>
    <property name="java.vendor.url.bug" value="http://www.azul.com/support/"/>
    <property name="java.io.tmpdir" value="/var/folders/j5/tf7gwnvn4kgcnckfx4pqcbhh0000gn/T/"/>
    <property name="java.version" value="17.0.5"/>
    <property name="user.dir" value="/Users/yogeshkumar/IdeaProjects/AppiumMobileTest"/>
    <property name="os.arch" value="aarch64"/>
    <property name="java.vm.specification.name" value="Java Virtual Machine Specification"/>
    <property name="native.encoding" value="UTF-8"/>
    <property name="java.library.path" value="/Users/yogeshkumar/Library/Java/Extensions:/Library/Java/Extensions:/Network/Library/Java/Extensions:/System/Library/Java/Extensions:/usr/lib/java:."/>
    <property name="java.vm.info" value="mixed mode, sharing"/>
    <property name="java.vendor" value="Azul Systems, Inc."/>
    <property name="java.vm.version" value="17.0.5+8-LTS"/>
    <property name="sun.io.unicode.encoding" value="UnicodeBig"/>
    <property name="socksNonProxyHosts" value="local|*.local|169.254/16|*.169.254/16"/>
    <property name="java.class.version" value="61.0"/>
  </properties>
  <testcase name="testGreetingText" classname="com.appium.tests.ChromeBrowserTest" time="3.302">
    <system-out><![CDATA[Test is completed successfully
]]></system-out>
    <system-err><![CDATA[SLF4J: No SLF4J providers were found.
SLF4J: Defaulting to no-operation (NOP) logger implementation
SLF4J: See https://www.slf4j.org/codes.html#noProviders for further details.
]]></system-err>
  </testcase>
</testsuite>