<?xml version="1.0" encoding="UTF-8"?>
<!-- Generated by org.testng.reporters.JUnitReportReporter -->
<testsuite hostname="YOGESHs-MacBook-Pro.local" failures="0" tests="4" name="com.appium.tests.ChromeBrowserTest" time="12.557" errors="0" timestamp="2022-12-12T18:27:08 EST" skipped="0">
  <testcase classname="com.appium.tests.ChromeBrowserTest" name="testInputNameAsFifa" time="3.721"/>
  <system-out/>
  <testcase classname="com.appium.tests.ChromeBrowserTest" name="testInputNameAsMessi" time="3.062"/>
  <system-out/>
  <testcase classname="com.appium.tests.ChromeBrowserTest" name="testInputNameAsCR7" time="2.745"/>
  <system-out/>
  <testcase classname="com.appium.tests.ChromeBrowserTest" name="testInputNameAsQatarFifa" time="3.029"/>
  <system-out/>
</testsuite> <!-- com.appium.tests.ChromeBrowserTest -->
