<?xml version="1.0" encoding="UTF-8"?>
<!-- Generated by org.testng.reporters.JUnitReportReporter -->
<testsuite hostname="YOGESHs-MacBook-Pro.local" failures="0" tests="5" name="com.appium.tests.ChromeBrowserTest" time="3.290" errors="0" timestamp="2022-12-22T16:30:50 EST" skipped="4">
  <testcase classname="com.appium.tests.ChromeBrowserTest" name="testGreetingText" time="3.290"/>
  <system-out/>
  <testcase classname="com.appium.tests.ChromeBrowserTest" name="testInputNameAsFifa">
    <skipped/>
  </testcase> <!-- testInputNameAsFifa -->
  <system-out/>
  <testcase classname="com.appium.tests.ChromeBrowserTest" name="testInputNameAsMessi">
    <skipped/>
  </testcase> <!-- testInputNameAsMessi -->
  <system-out/>
  <testcase classname="com.appium.tests.ChromeBrowserTest" name="testInputNameAsQatarFifa">
    <skipped/>
  </testcase> <!-- testInputNameAsQatarFifa -->
  <system-out/>
  <testcase classname="com.appium.tests.ChromeBrowserTest" name="testInputNameAsCR7">
    <skipped/>
  </testcase> <!-- testInputNameAsCR7 -->
  <system-out/>
</testsuite> <!-- com.appium.tests.ChromeBrowserTest -->
